#
# There is insufficient memory for the Java Runtime Environment to continue.
# Native memory allocation (malloc) failed to allocate 131088 bytes for Chunk::new
# Possible reasons:
#   The system is out of physical RAM or swap space
#   The process is running with CompressedOops enabled, and the Java Heap may be blocking the growth of the native heap
# Possible solutions:
#   Reduce memory load on the system
#   Increase physical memory or swap space
#   Check if swap backing store is full
#   Decrease Java heap size (-Xmx/-Xms)
#   Decrease number of Java threads
#   Decrease Java thread stack sizes (-Xss)
#   Set larger code cache with -XX:ReservedCodeCacheSize=
#   JVM is running with Unscaled Compressed Oops mode in which the Java heap is
#     placed in the first 4GB address space. The Java Heap base address is the
#     maximum limit for the native heap growth. Please use -XX:HeapBaseMinAddress
#     to set the Java Heap base and to place the Java Heap above 4GB virtual address.
# This output file may be truncated or incomplete.
#
#  Out of Memory Error (arena.cpp:189), pid=10568, tid=20880
#
# JRE version: OpenJDK Runtime Environment Temurin-17.0.5+8 (17.0.5+8) (build 17.0.5+8)
# Java VM: OpenJDK 64-Bit Server VM Temurin-17.0.5+8 (17.0.5+8, mixed mode, tiered, compressed oops, compressed class ptrs, parallel gc, windows-amd64)
# No core dump will be written. Minidumps are not enabled by default on client versions of Windows
#

---------------  S U M M A R Y ------------

Command Line: --add-modules=ALL-SYSTEM --add-opens=java.base/java.util=ALL-UNNAMED --add-opens=java.base/java.lang=ALL-UNNAMED --add-opens=java.base/sun.nio.fs=ALL-UNNAMED -Declipse.application=org.eclipse.jdt.ls.core.id1 -Dosgi.bundles.defaultStartLevel=4 -Declipse.product=org.eclipse.jdt.ls.core.product -Djava.import.generatesMetadataFilesAtProjectRoot=false -Dfile.encoding=utf8 -XX:+UseParallelGC -XX:GCTimeRatio=4 -XX:AdaptiveSizePolicyWeight=90 -Dsun.zip.disableMemoryMapping=true -Xmx1G -Xms100m -Xlog:disable -javaagent:c:\Users\REYZON\.vscode\extensions\redhat.java-1.13.0-win32-x64\lombok\lombok-1.18.24.jar c:\Users\REYZON\.vscode\extensions\redhat.java-1.13.0-win32-x64\server\plugins\org.eclipse.equinox.launcher_1.6.400.v20210924-0641.jar -configuration c:\Users\REYZON\AppData\Roaming\Code\User\globalStorage\redhat.java\1.13.0\config_ss_win -data c:\Users\REYZON\AppData\Roaming\Code\User\workspaceStorage\9ff043dc064c22b02d18c18812bcc33b\redhat.java\ss_ws

Host: Intel(R) Core(TM) i5-4210U CPU @ 1.70GHz, 4 cores, 7G,  Windows 10 , 64 bit Build 19041 (10.0.19041.2364)
Time: Fri Dec 23 12:06:54 2022 Nepal Standard Time elapsed time: 20.287113 seconds (0d 0h 0m 20s)

---------------  T H R E A D  ---------------

Current thread (0x0000019f1b818130):  JavaThread "C2 CompilerThread0" daemon [_thread_in_native, id=20880, stack(0x000000021e500000,0x000000021e600000)]


Current CompileTask:
C2:  20287 2662       4       jdk.internal.org.objectweb.asm.Frame::execute (2318 bytes)

Stack: [0x000000021e500000,0x000000021e600000]
Native frames: (J=compiled Java code, j=interpreted, Vv=VM code, C=native code)
V  [jvm.dll+0x676b3a]
V  [jvm.dll+0x831444]
V  [jvm.dll+0x832bee]
V  [jvm.dll+0x833253]
V  [jvm.dll+0x244ce5]
V  [jvm.dll+0xabbac]
V  [jvm.dll+0xac17c]
V  [jvm.dll+0xabcbb]
V  [jvm.dll+0x653f8c]
V  [jvm.dll+0x21e699]
V  [jvm.dll+0x699b81]
V  [jvm.dll+0x216ca9]
V  [jvm.dll+0x1a343d]
V  [jvm.dll+0x22698a]
V  [jvm.dll+0x224ac5]
V  [jvm.dll+0x7e727b]
V  [jvm.dll+0x7e17ea]
V  [jvm.dll+0x6759e5]
C  [ucrtbase.dll+0x21bb2]
C  [KERNEL32.DLL+0x17614]
C  [ntdll.dll+0x526a1]


---------------  P R O C E S S  ---------------

Threads class SMR info:
_java_thread_list=0x0000019f1e8f02f0, length=22, elements={
0x0000019f079bbc80, 0x0000019f1b7d5b40, 0x0000019f1b7d6970, 0x0000019f1b813280,
0x0000019f1b813e30, 0x0000019f1b8149e0, 0x0000019f1b8173a0, 0x0000019f1b818130,
0x0000019f1d21efe0, 0x0000019f1d221d90, 0x0000019f07a77440, 0x0000019f1d4677a0,
0x0000019f1dd76730, 0x0000019f1d777590, 0x0000019f1d777d00, 0x0000019f1d75f650,
0x0000019f1d872b20, 0x0000019f1dc92900, 0x0000019f1e97e520, 0x0000019f1e97db80,
0x0000019f1e97e9f0, 0x0000019f1e97d6b0
}

Java Threads: ( => current thread )
  0x0000019f079bbc80 JavaThread "main" [_thread_blocked, id=12240, stack(0x000000021dc00000,0x000000021dd00000)]
  0x0000019f1b7d5b40 JavaThread "Reference Handler" daemon [_thread_blocked, id=21492, stack(0x000000021df00000,0x000000021e000000)]
  0x0000019f1b7d6970 JavaThread "Finalizer" daemon [_thread_blocked, id=18580, stack(0x000000021e000000,0x000000021e100000)]
  0x0000019f1b813280 JavaThread "Signal Dispatcher" daemon [_thread_blocked, id=5344, stack(0x000000021e100000,0x000000021e200000)]
  0x0000019f1b813e30 JavaThread "Attach Listener" daemon [_thread_blocked, id=19208, stack(0x000000021e200000,0x000000021e300000)]
  0x0000019f1b8149e0 JavaThread "Service Thread" daemon [_thread_blocked, id=17380, stack(0x000000021e300000,0x000000021e400000)]
  0x0000019f1b8173a0 JavaThread "Monitor Deflation Thread" daemon [_thread_blocked, id=1400, stack(0x000000021e400000,0x000000021e500000)]
=>0x0000019f1b818130 JavaThread "C2 CompilerThread0" daemon [_thread_in_native, id=20880, stack(0x000000021e500000,0x000000021e600000)]
  0x0000019f1d21efe0 JavaThread "C1 CompilerThread0" daemon [_thread_blocked, id=19272, stack(0x000000021e600000,0x000000021e700000)]
  0x0000019f1d221d90 JavaThread "Sweeper thread" daemon [_thread_blocked, id=19788, stack(0x000000021e700000,0x000000021e800000)]
  0x0000019f07a77440 JavaThread "Common-Cleaner" daemon [_thread_blocked, id=21300, stack(0x000000021e800000,0x000000021e900000)]
  0x0000019f1d4677a0 JavaThread "Notification Thread" daemon [_thread_blocked, id=10684, stack(0x000000021e900000,0x000000021ea00000)]
  0x0000019f1dd76730 JavaThread "Active Thread: Equinox Container: 2bb21648-860d-4112-b47a-507070794732" [_thread_blocked, id=8364, stack(0x000000021ee00000,0x000000021ef00000)]
  0x0000019f1d777590 JavaThread "Framework Event Dispatcher: Equinox Container: 2bb21648-860d-4112-b47a-507070794732" daemon [_thread_blocked, id=22240, stack(0x000000021ef00000,0x000000021f000000)]
  0x0000019f1d777d00 JavaThread "Start Level: Equinox Container: 2bb21648-860d-4112-b47a-507070794732" daemon [_thread_blocked, id=11816, stack(0x000000021f000000,0x000000021f100000)]
  0x0000019f1d75f650 JavaThread "SCR Component Actor" daemon [_thread_blocked, id=8172, stack(0x000000021f100000,0x000000021f200000)]
  0x0000019f1d872b20 JavaThread "Worker-JM" [_thread_blocked, id=14904, stack(0x000000021f300000,0x000000021f400000)]
  0x0000019f1dc92900 JavaThread "Worker-0" [_thread_blocked, id=4976, stack(0x000000021f400000,0x000000021f500000)]
  0x0000019f1e97e520 JavaThread "Worker-1" [_thread_blocked, id=20672, stack(0x000000021f500000,0x000000021f600000)]
  0x0000019f1e97db80 JavaThread "JNA Cleaner" daemon [_thread_blocked, id=16480, stack(0x000000021f200000,0x000000021f300000)]
  0x0000019f1e97e9f0 JavaThread "pool-2-thread-1" [_thread_blocked, id=5700, stack(0x000000021f800000,0x000000021f900000)]
  0x0000019f1e97d6b0 JavaThread "pool-1-thread-1" [_thread_in_vm, id=16880, stack(0x000000021f900000,0x000000021fa00000)]

Other Threads:
  0x0000019f1b7c0a40 VMThread "VM Thread" [stack: 0x000000021de00000,0x000000021df00000] [id=18060]
  0x0000019f1d46f440 WatcherThread [stack: 0x000000021ea00000,0x000000021eb00000] [id=14196]
  0x0000019f079cf9f0 GCTaskThread "GC Thread#0" [stack: 0x000000021dd00000,0x000000021de00000] [id=18292]
  0x0000019f1db8d780 GCTaskThread "GC Thread#1" [stack: 0x000000021eb00000,0x000000021ec00000] [id=11724]
  0x0000019f1dad3dd0 GCTaskThread "GC Thread#2" [stack: 0x000000021ec00000,0x000000021ed00000] [id=20836]
  0x0000019f1dad4080 GCTaskThread "GC Thread#3" [stack: 0x000000021ed00000,0x000000021ee00000] [id=12852]

Threads with active compile tasks:
C2 CompilerThread0    20326 2662       4       jdk.internal.org.objectweb.asm.Frame::execute (2318 bytes)

VM state: not at safepoint (normal execution)

VM Mutex/Monitor currently owned by a thread: None

Heap address: 0x00000000c0000000, size: 1024 MB, Compressed Oops mode: 32-bit

CDS archive(s) not mapped
Compressed class space mapped at: 0x0000000100000000-0x0000000140000000, reserved size: 1073741824
Narrow klass base: 0x0000000000000000, Narrow klass shift: 3, Narrow klass range: 0x140000000

GC Precious Log:
 CPUs: 4 total, 4 available
 Memory: 8080M
 Large Page Support: Disabled
 NUMA Support: Disabled
 Compressed Oops: Enabled (32-bit)
 Alignments: Space 512K, Generation 512K, Heap 2M
 Heap Min Capacity: 100M
 Heap Initial Capacity: 100M
 Heap Max Capacity: 1G
 Pre-touch: Disabled
 Parallel Workers: 4

Heap:
 PSYoungGen      total 26112K, used 22866K [0x00000000eab00000, 0x00000000ec800000, 0x0000000100000000)
  eden space 24576K, 87% used [0x00000000eab00000,0x00000000ec0170c0,0x00000000ec300000)
  from space 1536K, 82% used [0x00000000ec680000,0x00000000ec7bd858,0x00000000ec800000)
  to   space 1536K, 0% used [0x00000000ec500000,0x00000000ec500000,0x00000000ec680000)
 ParOldGen       total 68608K, used 7266K [0x00000000c0000000, 0x00000000c4300000, 0x00000000eab00000)
  object space 68608K, 10% used [0x00000000c0000000,0x00000000c0718a40,0x00000000c4300000)
 Metaspace       used 31553K, committed 32064K, reserved 1081344K
  class space    used 3182K, committed 3392K, reserved 1048576K

Card table byte_map: [0x0000019f07380000,0x0000019f07590000] _byte_map_base: 0x0000019f06d80000

Marking Bits: (ParMarkBitMap*) 0x00007ff917360dd0
 Begin Bits: [0x0000019f19650000, 0x0000019f1a650000)
 End Bits:   [0x0000019f1a650000, 0x0000019f1b650000)

Polling page: 0x0000019f057f0000

Metaspace:

Usage:
  Non-class:     27.71 MB used.
      Class:      3.11 MB used.
       Both:     30.81 MB used.

Virtual space:
  Non-class space:       32.00 MB reserved,      28.00 MB ( 88%) committed,  4 nodes.
      Class space:        1.00 GB reserved,       3.31 MB ( <1%) committed,  1 nodes.
             Both:        1.03 GB reserved,      31.31 MB (  3%) committed. 

Chunk freelists:
   Non-Class:  3.39 MB
       Class:  720.00 KB
        Both:  4.09 MB

MaxMetaspaceSize: unlimited
CompressedClassSpaceSize: 1.00 GB
Initial GC threshold: 21.00 MB
Current GC threshold: 35.00 MB
CDS: off
MetaspaceReclaimPolicy: balanced
 - commit_granule_bytes: 65536.
 - commit_granule_words: 8192.
 - virtual_space_node_default_size: 1048576.
 - enlarge_chunks_in_place: 1.
 - new_chunks_are_fully_committed: 0.
 - uncommit_free_chunks: 1.
 - use_allocation_guard: 0.
 - handle_deallocations: 1.


Internal statistics:

num_allocs_failed_limit: 3.
num_arena_births: 226.
num_arena_deaths: 14.
num_vsnodes_births: 5.
num_vsnodes_deaths: 0.
num_space_committed: 501.
num_space_uncommitted: 0.
num_chunks_returned_to_freelist: 17.
num_chunks_taken_from_freelist: 1088.
num_chunk_merges: 7.
num_chunk_splits: 727.
num_chunks_enlarged: 515.
num_purges: 2.
num_inconsistent_stats: 0.

CodeHeap 'non-profiled nmethods': size=120000Kb used=1087Kb max_used=1087Kb free=118912Kb
 bounds [0x0000019f12120000, 0x0000019f12390000, 0x0000019f19650000]
CodeHeap 'profiled nmethods': size=120000Kb used=5356Kb max_used=5356Kb free=114643Kb
 bounds [0x0000019f0abf0000, 0x0000019f0b130000, 0x0000019f12120000]
CodeHeap 'non-nmethods': size=5760Kb used=1244Kb max_used=1288Kb free=4515Kb
 bounds [0x0000019f0a650000, 0x0000019f0a8c0000, 0x0000019f0abf0000]
 total_blobs=3222 nmethods=2663 adapters=473
 compilation: enabled
              stopped_count=0, restarted_count=0
 full_count=0

Compilation events (20 events):
Event: 20.201 Thread 0x0000019f1d21efe0 nmethod 2654 0x0000019f0b118a90 code [0x0000019f0b119000, 0x0000019f0b11c058]
Event: 20.206 Thread 0x0000019f1b818130 2656       4       java.lang.reflect.Modifier::isStatic (13 bytes)
Event: 20.207 Thread 0x0000019f1b818130 nmethod 2656 0x0000019f1222ee90 code [0x0000019f1222f000, 0x0000019f1222f058]
Event: 20.209 Thread 0x0000019f1d21efe0 2657       3       java.lang.PublicMethods$MethodList::<init> (10 bytes)
Event: 20.209 Thread 0x0000019f1d21efe0 nmethod 2657 0x0000019f0b11ca90 code [0x0000019f0b11cc20, 0x0000019f0b11cd98]
Event: 20.214 Thread 0x0000019f1d21efe0 2658       3       jdk.internal.org.objectweb.asm.ClassWriter::<init> (7 bytes)
Event: 20.214 Thread 0x0000019f1d21efe0 nmethod 2658 0x0000019f0b11ce90 code [0x0000019f0b11d040, 0x0000019f0b11d188]
Event: 20.214 Thread 0x0000019f1d21efe0 2660       3       jdk.internal.org.objectweb.asm.ClassWriter::visit (160 bytes)
Event: 20.215 Thread 0x0000019f1d21efe0 nmethod 2660 0x0000019f0b11d210 code [0x0000019f0b11d420, 0x0000019f0b11dbd8]
Event: 20.215 Thread 0x0000019f1d21efe0 2659       3       jdk.internal.org.objectweb.asm.ClassWriter::<init> (68 bytes)
Event: 20.216 Thread 0x0000019f1d21efe0 nmethod 2659 0x0000019f0b11e010 code [0x0000019f0b11e1e0, 0x0000019f0b11e628]
Event: 20.220 Thread 0x0000019f1d21efe0 2661       3       jdk.internal.misc.VM::initLevel (4 bytes)
Event: 20.221 Thread 0x0000019f1d21efe0 nmethod 2661 0x0000019f0b11e790 code [0x0000019f0b11e920, 0x0000019f0b11ea18]
Event: 20.259 Thread 0x0000019f1b818130 2662       4       jdk.internal.org.objectweb.asm.Frame::execute (2318 bytes)
Event: 20.266 Thread 0x0000019f1d21efe0 2663       3       jdk.internal.org.objectweb.asm.ClassWriter::toByteArray (1535 bytes)
Event: 20.274 Thread 0x0000019f1d21efe0 nmethod 2663 0x0000019f0b11ea90 code [0x0000019f0b11f3c0, 0x0000019f0b123098]
Event: 20.276 Thread 0x0000019f1d21efe0 2664       3       java.lang.PublicMethods$MethodList::filter (104 bytes)
Event: 20.278 Thread 0x0000019f1d21efe0 nmethod 2664 0x0000019f0b125090 code [0x0000019f0b1252c0, 0x0000019f0b125c38]
Event: 20.280 Thread 0x0000019f1d21efe0 2665       1       com.google.gson.reflect.TypeToken::getRawType (5 bytes)
Event: 20.280 Thread 0x0000019f1d21efe0 nmethod 2665 0x0000019f1222f190 code [0x0000019f1222f320, 0x0000019f1222f3f8]

GC Heap History (14 events):
Event: 5.854 GC heap before
{Heap before GC invocations=1 (full 0):
 PSYoungGen      total 29696K, used 25600K [0x00000000eab00000, 0x00000000ecc00000, 0x0000000100000000)
  eden space 25600K, 100% used [0x00000000eab00000,0x00000000ec400000,0x00000000ec400000)
  from space 4096K, 0% used [0x00000000ec800000,0x00000000ec800000,0x00000000ecc00000)
  to   space 4096K, 0% used [0x00000000ec400000,0x00000000ec400000,0x00000000ec800000)
 ParOldGen       total 68608K, used 0K [0x00000000c0000000, 0x00000000c4300000, 0x00000000eab00000)
  object space 68608K, 0% used [0x00000000c0000000,0x00000000c0000000,0x00000000c4300000)
 Metaspace       used 10981K, committed 11136K, reserved 1064960K
  class space    used 1090K, committed 1152K, reserved 1048576K
}
Event: 5.883 GC heap after
{Heap after GC invocations=1 (full 0):
 PSYoungGen      total 29696K, used 3704K [0x00000000eab00000, 0x00000000ecc00000, 0x0000000100000000)
  eden space 25600K, 0% used [0x00000000eab00000,0x00000000eab00000,0x00000000ec400000)
  from space 4096K, 90% used [0x00000000ec400000,0x00000000ec79e218,0x00000000ec800000)
  to   space 4096K, 0% used [0x00000000ec800000,0x00000000ec800000,0x00000000ecc00000)
 ParOldGen       total 68608K, used 0K [0x00000000c0000000, 0x00000000c4300000, 0x00000000eab00000)
  object space 68608K, 0% used [0x00000000c0000000,0x00000000c0000000,0x00000000c4300000)
 Metaspace       used 10981K, committed 11136K, reserved 1064960K
  class space    used 1090K, committed 1152K, reserved 1048576K
}
Event: 7.865 GC heap before
{Heap before GC invocations=2 (full 0):
 PSYoungGen      total 29696K, used 29304K [0x00000000eab00000, 0x00000000ecc00000, 0x0000000100000000)
  eden space 25600K, 100% used [0x00000000eab00000,0x00000000ec400000,0x00000000ec400000)
  from space 4096K, 90% used [0x00000000ec400000,0x00000000ec79e218,0x00000000ec800000)
  to   space 4096K, 0% used [0x00000000ec800000,0x00000000ec800000,0x00000000ecc00000)
 ParOldGen       total 68608K, used 0K [0x00000000c0000000, 0x00000000c4300000, 0x00000000eab00000)
  object space 68608K, 0% used [0x00000000c0000000,0x00000000c0000000,0x00000000c4300000)
 Metaspace       used 15216K, committed 15488K, reserved 1064960K
  class space    used 1547K, committed 1664K, reserved 1048576K
}
Event: 7.875 GC heap after
{Heap after GC invocations=2 (full 0):
 PSYoungGen      total 29696K, used 4077K [0x00000000eab00000, 0x00000000ecc00000, 0x0000000100000000)
  eden space 25600K, 0% used [0x00000000eab00000,0x00000000eab00000,0x00000000ec400000)
  from space 4096K, 99% used [0x00000000ec800000,0x00000000ecbfb708,0x00000000ecc00000)
  to   space 4096K, 0% used [0x00000000ec400000,0x00000000ec400000,0x00000000ec800000)
 ParOldGen       total 68608K, used 1291K [0x00000000c0000000, 0x00000000c4300000, 0x00000000eab00000)
  object space 68608K, 1% used [0x00000000c0000000,0x00000000c0142ed8,0x00000000c4300000)
 Metaspace       used 15216K, committed 15488K, reserved 1064960K
  class space    used 1547K, committed 1664K, reserved 1048576K
}
Event: 10.668 GC heap before
{Heap before GC invocations=3 (full 0):
 PSYoungGen      total 29696K, used 29677K [0x00000000eab00000, 0x00000000ecc00000, 0x0000000100000000)
  eden space 25600K, 100% used [0x00000000eab00000,0x00000000ec400000,0x00000000ec400000)
  from space 4096K, 99% used [0x00000000ec800000,0x00000000ecbfb708,0x00000000ecc00000)
  to   space 4096K, 0% used [0x00000000ec400000,0x00000000ec400000,0x00000000ec800000)
 ParOldGen       total 68608K, used 1291K [0x00000000c0000000, 0x00000000c4300000, 0x00000000eab00000)
  object space 68608K, 1% used [0x00000000c0000000,0x00000000c0142ed8,0x00000000c4300000)
 Metaspace       used 20340K, committed 20800K, reserved 1073152K
  class space    used 2086K, committed 2304K, reserved 1048576K
}
Event: 10.677 GC heap after
{Heap after GC invocations=3 (full 0):
 PSYoungGen      total 29696K, used 4093K [0x00000000eab00000, 0x00000000ecc00000, 0x0000000100000000)
  eden space 25600K, 0% used [0x00000000eab00000,0x00000000eab00000,0x00000000ec400000)
  from space 4096K, 99% used [0x00000000ec400000,0x00000000ec7ff438,0x00000000ec800000)
  to   space 4096K, 0% used [0x00000000ec800000,0x00000000ec800000,0x00000000ecc00000)
 ParOldGen       total 68608K, used 2799K [0x00000000c0000000, 0x00000000c4300000, 0x00000000eab00000)
  object space 68608K, 4% used [0x00000000c0000000,0x00000000c02bbcc8,0x00000000c4300000)
 Metaspace       used 20340K, committed 20800K, reserved 1073152K
  class space    used 2086K, committed 2304K, reserved 1048576K
}
Event: 10.845 GC heap before
{Heap before GC invocations=4 (full 0):
 PSYoungGen      total 29696K, used 9017K [0x00000000eab00000, 0x00000000ecc00000, 0x0000000100000000)
  eden space 25600K, 19% used [0x00000000eab00000,0x00000000eafcf040,0x00000000ec400000)
  from space 4096K, 99% used [0x00000000ec400000,0x00000000ec7ff438,0x00000000ec800000)
  to   space 4096K, 0% used [0x00000000ec800000,0x00000000ec800000,0x00000000ecc00000)
 ParOldGen       total 68608K, used 2799K [0x00000000c0000000, 0x00000000c4300000, 0x00000000eab00000)
  object space 68608K, 4% used [0x00000000c0000000,0x00000000c02bbcc8,0x00000000c4300000)
 Metaspace       used 21120K, committed 21504K, reserved 1073152K
  class space    used 2149K, committed 2304K, reserved 1048576K
}
Event: 10.864 GC heap after
{Heap after GC invocations=4 (full 0):
 PSYoungGen      total 29696K, used 4073K [0x00000000eab00000, 0x00000000ecc00000, 0x0000000100000000)
  eden space 25600K, 0% used [0x00000000eab00000,0x00000000eab00000,0x00000000ec400000)
  from space 4096K, 99% used [0x00000000ec800000,0x00000000ecbfa4c8,0x00000000ecc00000)
  to   space 4096K, 0% used [0x00000000ec400000,0x00000000ec400000,0x00000000ec800000)
 ParOldGen       total 68608K, used 3330K [0x00000000c0000000, 0x00000000c4300000, 0x00000000eab00000)
  object space 68608K, 4% used [0x00000000c0000000,0x00000000c0340908,0x00000000c4300000)
 Metaspace       used 21120K, committed 21504K, reserved 1073152K
  class space    used 2149K, committed 2304K, reserved 1048576K
}
Event: 10.864 GC heap before
{Heap before GC invocations=5 (full 1):
 PSYoungGen      total 29696K, used 4073K [0x00000000eab00000, 0x00000000ecc00000, 0x0000000100000000)
  eden space 25600K, 0% used [0x00000000eab00000,0x00000000eab00000,0x00000000ec400000)
  from space 4096K, 99% used [0x00000000ec800000,0x00000000ecbfa4c8,0x00000000ecc00000)
  to   space 4096K, 0% used [0x00000000ec400000,0x00000000ec400000,0x00000000ec800000)
 ParOldGen       total 68608K, used 3330K [0x00000000c0000000, 0x00000000c4300000, 0x00000000eab00000)
  object space 68608K, 4% used [0x00000000c0000000,0x00000000c0340908,0x00000000c4300000)
 Metaspace       used 21120K, committed 21504K, reserved 1073152K
  class space    used 2149K, committed 2304K, reserved 1048576K
}
Event: 10.919 GC heap after
{Heap after GC invocations=5 (full 1):
 PSYoungGen      total 29696K, used 0K [0x00000000eab00000, 0x00000000ecc00000, 0x0000000100000000)
  eden space 25600K, 0% used [0x00000000eab00000,0x00000000eab00000,0x00000000ec400000)
  from space 4096K, 0% used [0x00000000ec800000,0x00000000ec800000,0x00000000ecc00000)
  to   space 4096K, 0% used [0x00000000ec400000,0x00000000ec400000,0x00000000ec800000)
 ParOldGen       total 68608K, used 7250K [0x00000000c0000000, 0x00000000c4300000, 0x00000000eab00000)
  object space 68608K, 10% used [0x00000000c0000000,0x00000000c0714a40,0x00000000c4300000)
 Metaspace       used 21107K, committed 21504K, reserved 1073152K
  class space    used 2146K, committed 2304K, reserved 1048576K
}
Event: 11.887 GC heap before
{Heap before GC invocations=6 (full 1):
 PSYoungGen      total 29696K, used 25600K [0x00000000eab00000, 0x00000000ecc00000, 0x0000000100000000)
  eden space 25600K, 100% used [0x00000000eab00000,0x00000000ec400000,0x00000000ec400000)
  from space 4096K, 0% used [0x00000000ec800000,0x00000000ec800000,0x00000000ecc00000)
  to   space 4096K, 0% used [0x00000000ec400000,0x00000000ec400000,0x00000000ec800000)
 ParOldGen       total 68608K, used 7250K [0x00000000c0000000, 0x00000000c4300000, 0x00000000eab00000)
  object space 68608K, 10% used [0x00000000c0000000,0x00000000c0714a40,0x00000000c4300000)
 Metaspace       used 24796K, committed 25216K, reserved 1073152K
  class space    used 2430K, committed 2624K, reserved 1048576K
}
Event: 11.889 GC heap after
{Heap after GC invocations=6 (full 1):
 PSYoungGen      total 25600K, used 256K [0x00000000eab00000, 0x00000000ec880000, 0x0000000100000000)
  eden space 25088K, 0% used [0x00000000eab00000,0x00000000eab00000,0x00000000ec380000)
  from space 512K, 50% used [0x00000000ec400000,0x00000000ec440000,0x00000000ec480000)
  to   space 2048K, 0% used [0x00000000ec680000,0x00000000ec680000,0x00000000ec880000)
 ParOldGen       total 68608K, used 7258K [0x00000000c0000000, 0x00000000c4300000, 0x00000000eab00000)
  object space 68608K, 10% used [0x00000000c0000000,0x00000000c0716a40,0x00000000c4300000)
 Metaspace       used 24796K, committed 25216K, reserved 1073152K
  class space    used 2430K, committed 2624K, reserved 1048576K
}
Event: 18.834 GC heap before
{Heap before GC invocations=7 (full 1):
 PSYoungGen      total 25600K, used 25344K [0x00000000eab00000, 0x00000000ec880000, 0x0000000100000000)
  eden space 25088K, 100% used [0x00000000eab00000,0x00000000ec380000,0x00000000ec380000)
  from space 512K, 50% used [0x00000000ec400000,0x00000000ec440000,0x00000000ec480000)
  to   space 2048K, 0% used [0x00000000ec680000,0x00000000ec680000,0x00000000ec880000)
 ParOldGen       total 68608K, used 7258K [0x00000000c0000000, 0x00000000c4300000, 0x00000000eab00000)
  object space 68608K, 10% used [0x00000000c0000000,0x00000000c0716a40,0x00000000c4300000)
 Metaspace       used 27840K, committed 28288K, reserved 1081344K
  class space    used 2703K, committed 2880K, reserved 1048576K
}
Event: 18.835 GC heap after
{Heap after GC invocations=7 (full 1):
 PSYoungGen      total 26112K, used 1270K [0x00000000eab00000, 0x00000000ec800000, 0x0000000100000000)
  eden space 24576K, 0% used [0x00000000eab00000,0x00000000eab00000,0x00000000ec300000)
  from space 1536K, 82% used [0x00000000ec680000,0x00000000ec7bd858,0x00000000ec800000)
  to   space 1536K, 0% used [0x00000000ec500000,0x00000000ec500000,0x00000000ec680000)
 ParOldGen       total 68608K, used 7266K [0x00000000c0000000, 0x00000000c4300000, 0x00000000eab00000)
  object space 68608K, 10% used [0x00000000c0000000,0x00000000c0718a40,0x00000000c4300000)
 Metaspace       used 27840K, committed 28288K, reserved 1081344K
  class space    used 2703K, committed 2880K, reserved 1048576K
}

Dll operation events (12 events):
Event: 0.015 Loaded shared library c:\Users\REYZON\.vscode\extensions\redhat.java-1.13.0-win32-x64\jre\17.0.5-win32-x86_64\bin\java.dll
Event: 0.914 Loaded shared library c:\Users\REYZON\.vscode\extensions\redhat.java-1.13.0-win32-x64\jre\17.0.5-win32-x86_64\bin\zip.dll
Event: 0.924 Loaded shared library C:\Users\REYZON\.vscode\extensions\redhat.java-1.13.0-win32-x64\jre\17.0.5-win32-x86_64\bin\instrument.dll
Event: 0.964 Loaded shared library C:\Users\REYZON\.vscode\extensions\redhat.java-1.13.0-win32-x64\jre\17.0.5-win32-x86_64\bin\net.dll
Event: 0.967 Loaded shared library C:\Users\REYZON\.vscode\extensions\redhat.java-1.13.0-win32-x64\jre\17.0.5-win32-x86_64\bin\nio.dll
Event: 0.996 Loaded shared library C:\Users\REYZON\.vscode\extensions\redhat.java-1.13.0-win32-x64\jre\17.0.5-win32-x86_64\bin\zip.dll
Event: 1.035 Loaded shared library C:\Users\REYZON\.vscode\extensions\redhat.java-1.13.0-win32-x64\jre\17.0.5-win32-x86_64\bin\jimage.dll
Event: 1.304 Loaded shared library c:\Users\REYZON\.vscode\extensions\redhat.java-1.13.0-win32-x64\jre\17.0.5-win32-x86_64\bin\verify.dll
Event: 7.623 Loaded shared library C:\Users\REYZON\AppData\Roaming\Code\User\globalStorage\redhat.java\1.13.0\config_ss_win\org.eclipse.equinox.launcher\org.eclipse.equinox.launcher.win32.win32.x86_64_1.2.600.v20220720-1916\eclipse_11700.dll
Event: 10.346 Loaded shared library C:\Users\REYZON\.vscode\extensions\redhat.java-1.13.0-win32-x64\jre\17.0.5-win32-x86_64\bin\management.dll
Event: 10.351 Loaded shared library C:\Users\REYZON\.vscode\extensions\redhat.java-1.13.0-win32-x64\jre\17.0.5-win32-x86_64\bin\management_ext.dll
Event: 19.254 Loaded shared library C:\Users\REYZON\AppData\Local\Temp\jna--1880913549\jna7960211345427439789.dll

Deoptimization events (20 events):
Event: 19.226 Thread 0x0000019f1d777d00 Uncommon trap: trap_request=0xffffff45 fr.pc=0x0000019f12173384 relative=0x0000000000000684
Event: 19.226 Thread 0x0000019f1d777d00 Uncommon trap: reason=unstable_if action=reinterpret pc=0x0000019f12173384 method=java.lang.String.replace(Ljava/lang/CharSequence;Ljava/lang/CharSequence;)Ljava/lang/String; @ 42 c2
Event: 19.226 Thread 0x0000019f1d777d00 DEOPT PACKING pc=0x0000019f12173384 sp=0x000000021f0fb4c0
Event: 19.226 Thread 0x0000019f1d777d00 DEOPT UNPACKING pc=0x0000019f0a6a20a3 sp=0x000000021f0fb450 mode 2
Event: 19.311 Thread 0x0000019f1d777d00 Uncommon trap: trap_request=0xffffff45 fr.pc=0x0000019f12216664 relative=0x0000000000000a84
Event: 19.311 Thread 0x0000019f1d777d00 Uncommon trap: reason=unstable_if action=reinterpret pc=0x0000019f12216664 method=jdk.internal.org.objectweb.asm.SymbolTable.put(Ljdk/internal/org/objectweb/asm/SymbolTable$Entry;)Ljdk/internal/org/objectweb/asm/SymbolTable$Entry; @ 13 c2
Event: 19.311 Thread 0x0000019f1d777d00 DEOPT PACKING pc=0x0000019f12216664 sp=0x000000021f0fb990
Event: 19.311 Thread 0x0000019f1d777d00 DEOPT UNPACKING pc=0x0000019f0a6a20a3 sp=0x000000021f0fb8d8 mode 2
Event: 19.349 Thread 0x0000019f1d777d00 Uncommon trap: trap_request=0xffffff76 fr.pc=0x0000019f1221e740 relative=0x0000000000000600
Event: 19.350 Thread 0x0000019f1d777d00 Uncommon trap: reason=predicate action=maybe_recompile pc=0x0000019f1221e740 method=java.util.TreeMap.getEntryUsingComparator(Ljava/lang/Object;)Ljava/util/TreeMap$Entry; @ 19 c2
Event: 19.350 Thread 0x0000019f1d777d00 DEOPT PACKING pc=0x0000019f1221e740 sp=0x000000021f0fc560
Event: 19.350 Thread 0x0000019f1d777d00 DEOPT UNPACKING pc=0x0000019f0a6a20a3 sp=0x000000021f0fc480 mode 2
Event: 19.498 Thread 0x0000019f079bbc80 Uncommon trap: trap_request=0xffffff76 fr.pc=0x0000019f1221a804 relative=0x0000000000000644
Event: 19.498 Thread 0x0000019f079bbc80 Uncommon trap: reason=predicate action=maybe_recompile pc=0x0000019f1221a804 method=java.util.TreeMap.getEntryUsingComparator(Ljava/lang/Object;)Ljava/util/TreeMap$Entry; @ 19 c2
Event: 19.498 Thread 0x0000019f079bbc80 DEOPT PACKING pc=0x0000019f1221a804 sp=0x000000021dcfde30
Event: 19.498 Thread 0x0000019f079bbc80 DEOPT UNPACKING pc=0x0000019f0a6a20a3 sp=0x000000021dcfdde0 mode 2
Event: 20.195 Thread 0x0000019f079bbc80 Uncommon trap: trap_request=0xffffff45 fr.pc=0x0000019f121df1b4 relative=0x0000000000000114
Event: 20.195 Thread 0x0000019f079bbc80 Uncommon trap: reason=unstable_if action=reinterpret pc=0x0000019f121df1b4 method=jdk.internal.org.objectweb.asm.SymbolTable.put(Ljdk/internal/org/objectweb/asm/SymbolTable$Entry;)Ljdk/internal/org/objectweb/asm/SymbolTable$Entry; @ 13 c2
Event: 20.195 Thread 0x0000019f079bbc80 DEOPT PACKING pc=0x0000019f121df1b4 sp=0x000000021dcfd6a0
Event: 20.195 Thread 0x0000019f079bbc80 DEOPT UNPACKING pc=0x0000019f0a6a20a3 sp=0x000000021dcfd600 mode 2

Classes unloaded (7 events):
Event: 10.875 Thread 0x0000019f1b7c0a40 Unloading class 0x0000000100216400 'java/lang/invoke/LambdaForm$MH+0x0000000100216400'
Event: 10.875 Thread 0x0000019f1b7c0a40 Unloading class 0x0000000100216000 'java/lang/invoke/LambdaForm$MH+0x0000000100216000'
Event: 10.875 Thread 0x0000019f1b7c0a40 Unloading class 0x0000000100215c00 'java/lang/invoke/LambdaForm$MH+0x0000000100215c00'
Event: 10.875 Thread 0x0000019f1b7c0a40 Unloading class 0x0000000100215800 'java/lang/invoke/LambdaForm$MH+0x0000000100215800'
Event: 10.875 Thread 0x0000019f1b7c0a40 Unloading class 0x0000000100215000 'java/lang/invoke/LambdaForm$BMH+0x0000000100215000'
Event: 10.875 Thread 0x0000019f1b7c0a40 Unloading class 0x0000000100214c00 'java/lang/invoke/LambdaForm$DMH+0x0000000100214c00'
Event: 10.875 Thread 0x0000019f1b7c0a40 Unloading class 0x0000000100212000 'java/lang/invoke/LambdaForm$DMH+0x0000000100212000'

Classes redefined (0 events):
No events

Internal exceptions (20 events):
Event: 12.721 Thread 0x0000019f1d777d00 Exception <a 'java/io/FileNotFoundException'{0x00000000ebd8ee68}> (0x00000000ebd8ee68) 
thrown [s\src\hotspot\share\prims\jni.cpp, line 516]
Event: 17.859 Thread 0x0000019f1d777d00 Exception <a 'java/lang/NoSuchMethodError'{0x00000000ebeab590}: 'java.lang.Object java.lang.invoke.DirectMethodHandle$Holder.invokeStaticInit(java.lang.Object, int, int, int, int)'> (0x00000000ebeab590) 
thrown [s\src\hotspot\share\interpreter\linkResolver.cpp, line 759]
Event: 18.618 Thread 0x0000019f1d777d00 Exception <a 'java/lang/NoSuchMethodError'{0x00000000ebf882c0}: 'java.lang.Object java.lang.invoke.DirectMethodHandle$Holder.invokeStaticInit(java.lang.Object, java.lang.Object, int, int, int, int)'> (0x00000000ebf882c0) 
thrown [s\src\hotspot\share\interpreter\linkResolver.cpp, line 759]
Event: 18.714 Thread 0x0000019f1d777d00 Exception <a 'sun/nio/fs/WindowsException'{0x00000000ec11b268}> (0x00000000ec11b268) 
thrown [s\src\hotspot\share\prims\jni.cpp, line 516]
Event: 18.715 Thread 0x0000019f1d777d00 Exception <a 'sun/nio/fs/WindowsException'{0x00000000ec125008}> (0x00000000ec125008) 
thrown [s\src\hotspot\share\prims\jni.cpp, line 516]
Event: 18.715 Thread 0x0000019f1d777d00 Exception <a 'sun/nio/fs/WindowsException'{0x00000000ec1255a8}> (0x00000000ec1255a8) 
thrown [s\src\hotspot\share\prims\jni.cpp, line 516]
Event: 18.747 Thread 0x0000019f1d777d00 Implicit null exception at 0x0000019f121e2bf8 to 0x0000019f121e3874
Event: 18.847 Thread 0x0000019f1d777d00 Exception <a 'java/lang/ClassNotFoundException'{0x00000000eab55db8}: com/sun/org/apache/xml/internal/serializer/spi/XMLEntitiesProvider> (0x00000000eab55db8) 
thrown [s\src\hotspot\share\classfile\systemDictionary.cpp, line 256]
Event: 19.098 Thread 0x0000019f1d777d00 Exception <a 'java/io/FileNotFoundException'{0x00000000eaef9970}> (0x00000000eaef9970) 
thrown [s\src\hotspot\share\prims\jni.cpp, line 516]
Event: 19.334 Thread 0x0000019f1d777d00 Exception <a 'java/lang/UnsatisfiedLinkError'{0x00000000eb25f680}: The specified procedure could not be found.
> (0x00000000eb25f680) 
thrown [s\src\hotspot\share\prims\jni.cpp, line 535]
Event: 19.345 Thread 0x0000019f1d777d00 Exception <a 'java/io/FileNotFoundException'{0x00000000eb282598}> (0x00000000eb282598) 
thrown [s\src\hotspot\share\prims\jni.cpp, line 516]
Event: 19.432 Thread 0x0000019f1d777d00 Exception <a 'java/io/FileNotFoundException'{0x00000000eb2f48b0}> (0x00000000eb2f48b0) 
thrown [s\src\hotspot\share\prims\jni.cpp, line 516]
Event: 19.463 Thread 0x0000019f1d777d00 Exception <a 'java/lang/UnsatisfiedLinkError'{0x00000000eb37f7f8}: The specified procedure could not be found.
> (0x00000000eb37f7f8) 
thrown [s\src\hotspot\share\prims\jni.cpp, line 535]
Event: 19.519 Thread 0x0000019f079bbc80 Exception <a 'java/lang/NoSuchMethodError'{0x00000000eb4ae570}: 'java.lang.Object java.lang.invoke.DirectMethodHandle$Holder.invokeStatic(java.lang.Object, java.lang.Object, long, java.lang.Object)'> (0x00000000eb4ae570) 
thrown [s\src\hotspot\share\interpreter\linkResolver.cpp, line 759]
Event: 19.519 Thread 0x0000019f079bbc80 Exception <a 'java/lang/NoSuchMethodError'{0x00000000eb4b2008}: 'java.lang.Object java.lang.invoke.DirectMethodHandle$Holder.invokeStaticInit(java.lang.Object, java.lang.Object, long, java.lang.Object)'> (0x00000000eb4b2008) 
thrown [s\src\hotspot\share\interpreter\linkResolver.cpp, line 759]
Event: 19.520 Thread 0x0000019f079bbc80 Exception <a 'java/lang/NoSuchMethodError'{0x00000000eb4b8618}: 'java.lang.Object java.lang.invoke.DirectMethodHandle$Holder.newInvokeSpecial(java.lang.Object, java.lang.Object, long)'> (0x00000000eb4b8618) 
thrown [s\src\hotspot\share\interpreter\linkResolver.cpp, line 759]
Event: 19.521 Thread 0x0000019f079bbc80 Exception <a 'java/lang/NoSuchMethodError'{0x00000000eb4bc188}: 'java.lang.Object java.lang.invoke.Invokers$Holder.linkToTargetMethod(java.lang.Object, long, java.lang.Object)'> (0x00000000eb4bc188) 
thrown [s\src\hotspot\share\interpreter\linkResolver.cpp, line 759]
Event: 19.642 Thread 0x0000019f079bbc80 Exception <a 'java/lang/NoSuchMethodError'{0x00000000eb65a9a0}: 'void java.lang.invoke.DirectMethodHandle$Holder.invokeStatic(java.lang.Object, java.lang.Object, java.lang.Object, java.lang.Object)'> (0x00000000eb65a9a0) 
thrown [s\src\hotspot\share\interpreter\linkResolver.cpp, line 759]
Event: 20.131 Thread 0x0000019f079bbc80 Exception <a 'java/lang/NoSuchMethodError'{0x00000000ebdae4d0}: 'void java.lang.invoke.DirectMethodHandle$Holder.invokeSpecial(java.lang.Object, java.lang.Object, java.lang.Object, java.lang.Object, java.lang.Object, java.lang.Object)'> (0x00000000ebdae4d0) 
thrown [s\src\hotspot\share\interpreter\linkResolver.cpp, line 759]
Event: 20.133 Thread 0x0000019f079bbc80 Exception <a 'java/lang/NoSuchMethodError'{0x00000000ebdb5b88}: 'java.lang.Object java.lang.invoke.DirectMethodHandle$Holder.newInvokeSpecial(java.lang.Object, java.lang.Object, java.lang.Object, java.lang.Object, java.lang.Object)'> (0x00000000ebdb5b88) 
thrown [s\src\hotspot\share\interpreter\linkResolver.cpp, line 759]

VM Operations (20 events):
Event: 10.686 Executing VM operation: HandshakeAllThreads
Event: 10.686 Executing VM operation: HandshakeAllThreads done
Event: 10.843 Executing VM operation: CollectForMetadataAllocation
Event: 10.920 Executing VM operation: CollectForMetadataAllocation done
Event: 11.887 Executing VM operation: ParallelGCFailedAllocation
Event: 11.889 Executing VM operation: ParallelGCFailedAllocation done
Event: 12.725 Executing VM operation: HandshakeAllThreads
Event: 17.265 Executing VM operation: HandshakeAllThreads done
Event: 17.265 Executing VM operation: Cleanup
Event: 17.265 Executing VM operation: Cleanup done
Event: 18.277 Executing VM operation: Cleanup
Event: 18.277 Executing VM operation: Cleanup done
Event: 18.834 Executing VM operation: ParallelGCFailedAllocation
Event: 18.835 Executing VM operation: ParallelGCFailedAllocation done
Event: 18.915 Executing VM operation: HandshakeAllThreads
Event: 18.915 Executing VM operation: HandshakeAllThreads done
Event: 19.050 Executing VM operation: HandshakeAllThreads
Event: 19.050 Executing VM operation: HandshakeAllThreads done
Event: 19.283 Executing VM operation: HandshakeAllThreads
Event: 19.283 Executing VM operation: HandshakeAllThreads done

Events (20 events):
Event: 19.834 loading class java/lang/reflect/WildcardType
Event: 19.834 loading class java/lang/reflect/WildcardType done
Event: 19.834 loading class sun/reflect/generics/reflectiveObjects/WildcardTypeImpl done
Event: 19.945 loading class java/math/BigDecimal
Event: 19.947 loading class java/math/BigDecimal done
Event: 19.982 loading class java/text/ParseException
Event: 19.982 loading class java/text/ParseException done
Event: 20.021 loading class java/util/concurrent/atomic/AtomicIntegerArray
Event: 20.022 loading class java/util/concurrent/atomic/AtomicIntegerArray done
Event: 20.028 loading class java/util/Currency
Event: 20.029 loading class java/util/Currency done
Event: 20.067 loading class java/util/concurrent/atomic/AtomicLongArray
Event: 20.067 loading class java/util/concurrent/atomic/AtomicLongArray done
Event: 20.214 loading class sun/util/locale/provider/DateFormatProviderImpl
Event: 20.214 loading class sun/util/locale/provider/DateFormatProviderImpl done
Event: 20.216 loading class java/text/MessageFormat
Event: 20.216 loading class java/text/MessageFormat done
Event: 20.217 loading class java/text/MessageFormat$Field
Event: 20.217 loading class java/text/MessageFormat$Field done
Event: 20.218 Thread 0x0000019f1e97d6b0 Thread added: 0x0000019f1e97d6b0


Dynamic libraries:
0x00007ff73c620000 - 0x00007ff73c62e000 	c:\Users\REYZON\.vscode\extensions\redhat.java-1.13.0-win32-x64\jre\17.0.5-win32-x86_64\bin\java.exe
0x00007ff96fd70000 - 0x00007ff96ff68000 	C:\Windows\SYSTEM32\ntdll.dll
0x00007ff96f010000 - 0x00007ff96f0cf000 	C:\Windows\System32\KERNEL32.DLL
0x00007ff96dad0000 - 0x00007ff96dda2000 	C:\Windows\System32\KERNELBASE.dll
0x00007ff96d710000 - 0x00007ff96d810000 	C:\Windows\System32\ucrtbase.dll
0x00007ff95c590000 - 0x00007ff95c5a7000 	c:\Users\REYZON\.vscode\extensions\redhat.java-1.13.0-win32-x64\jre\17.0.5-win32-x86_64\bin\jli.dll
0x00007ff96e9f0000 - 0x00007ff96eb91000 	C:\Windows\System32\USER32.dll
0x00007ff96d460000 - 0x00007ff96d482000 	C:\Windows\System32\win32u.dll
0x00007ff96fc60000 - 0x00007ff96fc8b000 	C:\Windows\System32\GDI32.dll
0x00007ff96d500000 - 0x00007ff96d60f000 	C:\Windows\System32\gdi32full.dll
0x00007ff96d810000 - 0x00007ff96d8ad000 	C:\Windows\System32\msvcp_win.dll
0x00007ff9595a0000 - 0x00007ff9595b9000 	c:\Users\REYZON\.vscode\extensions\redhat.java-1.13.0-win32-x64\jre\17.0.5-win32-x86_64\bin\VCRUNTIME140.dll
0x00007ff960a00000 - 0x00007ff960c9a000 	C:\Windows\WinSxS\amd64_microsoft.windows.common-controls_6595b64144ccf1df_6.0.19041.1110_none_60b5254171f9507e\COMCTL32.dll
0x00007ff96e1c0000 - 0x00007ff96e25e000 	C:\Windows\System32\msvcrt.dll
0x00007ff96e260000 - 0x00007ff96e292000 	C:\Windows\System32\IMM32.DLL
0x00007ff96a130000 - 0x00007ff96a13c000 	c:\Users\REYZON\.vscode\extensions\redhat.java-1.13.0-win32-x64\jre\17.0.5-win32-x86_64\bin\vcruntime140_1.dll
0x00007ff9563b0000 - 0x00007ff956441000 	c:\Users\REYZON\.vscode\extensions\redhat.java-1.13.0-win32-x64\jre\17.0.5-win32-x86_64\bin\msvcp140.dll
0x00007ff9167e0000 - 0x00007ff917424000 	c:\Users\REYZON\.vscode\extensions\redhat.java-1.13.0-win32-x64\jre\17.0.5-win32-x86_64\bin\server\jvm.dll
0x00007ff96f0d0000 - 0x00007ff96f17e000 	C:\Windows\System32\ADVAPI32.dll
0x00007ff96fc90000 - 0x00007ff96fd2c000 	C:\Windows\System32\sechost.dll
0x00007ff96e070000 - 0x00007ff96e195000 	C:\Windows\System32\RPCRT4.dll
0x00007ff966230000 - 0x00007ff966239000 	C:\Windows\SYSTEM32\WSOCK32.dll
0x00007ff96f180000 - 0x00007ff96f1eb000 	C:\Windows\System32\WS2_32.dll
0x00007ff9608f0000 - 0x00007ff960917000 	C:\Windows\SYSTEM32\WINMM.dll
0x00007ff95faa0000 - 0x00007ff95faaa000 	C:\Windows\SYSTEM32\VERSION.dll
0x00007ff96b320000 - 0x00007ff96b332000 	C:\Windows\SYSTEM32\kernel.appcore.dll
0x00007ff966140000 - 0x00007ff96614a000 	c:\Users\REYZON\.vscode\extensions\redhat.java-1.13.0-win32-x64\jre\17.0.5-win32-x86_64\bin\jimage.dll
0x00007ff956a20000 - 0x00007ff956c04000 	C:\Windows\SYSTEM32\DBGHELP.DLL
0x00007ff956c10000 - 0x00007ff956c45000 	C:\Windows\SYSTEM32\dbgcore.DLL
0x00007ff96da40000 - 0x00007ff96dac2000 	C:\Windows\System32\bcryptPrimitives.dll
0x00007ff9660a0000 - 0x00007ff9660ae000 	c:\Users\REYZON\.vscode\extensions\redhat.java-1.13.0-win32-x64\jre\17.0.5-win32-x86_64\bin\instrument.dll
0x00007ff9565f0000 - 0x00007ff956615000 	c:\Users\REYZON\.vscode\extensions\redhat.java-1.13.0-win32-x64\jre\17.0.5-win32-x86_64\bin\java.dll
0x00007ff959580000 - 0x00007ff959598000 	c:\Users\REYZON\.vscode\extensions\redhat.java-1.13.0-win32-x64\jre\17.0.5-win32-x86_64\bin\zip.dll
0x00007ff96e2a0000 - 0x00007ff96e9e4000 	C:\Windows\System32\SHELL32.dll
0x00007ff96b520000 - 0x00007ff96bcb2000 	C:\Windows\SYSTEM32\windows.storage.dll
0x00007ff96f280000 - 0x00007ff96f5d5000 	C:\Windows\System32\combase.dll
0x00007ff96cec0000 - 0x00007ff96cef0000 	C:\Windows\SYSTEM32\Wldp.dll
0x00007ff96f860000 - 0x00007ff96f90d000 	C:\Windows\System32\SHCORE.dll
0x00007ff96e010000 - 0x00007ff96e065000 	C:\Windows\System32\shlwapi.dll
0x00007ff96d3a0000 - 0x00007ff96d3bf000 	C:\Windows\SYSTEM32\profapi.dll
0x00007ff9565d0000 - 0x00007ff9565e9000 	C:\Users\REYZON\.vscode\extensions\redhat.java-1.13.0-win32-x64\jre\17.0.5-win32-x86_64\bin\net.dll
0x00007ff965960000 - 0x00007ff965a6c000 	C:\Windows\SYSTEM32\WINHTTP.dll
0x00007ff96cc20000 - 0x00007ff96cc8a000 	C:\Windows\system32\mswsock.dll
0x00007ff9565b0000 - 0x00007ff9565c5000 	C:\Users\REYZON\.vscode\extensions\redhat.java-1.13.0-win32-x64\jre\17.0.5-win32-x86_64\bin\nio.dll
0x00007ff961a40000 - 0x00007ff961a50000 	c:\Users\REYZON\.vscode\extensions\redhat.java-1.13.0-win32-x64\jre\17.0.5-win32-x86_64\bin\verify.dll
0x00007ff952410000 - 0x00007ff95244e000 	C:\Users\REYZON\AppData\Roaming\Code\User\globalStorage\redhat.java\1.13.0\config_ss_win\org.eclipse.equinox.launcher\org.eclipse.equinox.launcher.win32.win32.x86_64_1.2.600.v20220720-1916\eclipse_11700.dll
0x00007ff96ded0000 - 0x00007ff96dffa000 	C:\Windows\System32\ole32.dll
0x00007ff961940000 - 0x00007ff961949000 	C:\Users\REYZON\.vscode\extensions\redhat.java-1.13.0-win32-x64\jre\17.0.5-win32-x86_64\bin\management.dll
0x00007ff961840000 - 0x00007ff96184b000 	C:\Users\REYZON\.vscode\extensions\redhat.java-1.13.0-win32-x64\jre\17.0.5-win32-x86_64\bin\management_ext.dll
0x00007ff96e000000 - 0x00007ff96e008000 	C:\Windows\System32\PSAPI.DLL
0x00007ff96ce20000 - 0x00007ff96ce38000 	C:\Windows\SYSTEM32\CRYPTSP.dll
0x00007ff96c4d0000 - 0x00007ff96c504000 	C:\Windows\system32\rsaenh.dll
0x00007ff96d8b0000 - 0x00007ff96d8d7000 	C:\Windows\System32\bcrypt.dll
0x00007ff96d360000 - 0x00007ff96d38e000 	C:\Windows\SYSTEM32\USERENV.dll
0x00007ff96ce10000 - 0x00007ff96ce1c000 	C:\Windows\SYSTEM32\CRYPTBASE.dll
0x00007ff96c8c0000 - 0x00007ff96c8fb000 	C:\Windows\SYSTEM32\IPHLPAPI.DLL
0x00007ff96f910000 - 0x00007ff96f918000 	C:\Windows\System32\NSI.dll
0x00007ff966860000 - 0x00007ff966877000 	C:\Windows\SYSTEM32\dhcpcsvc6.DLL
0x00007ff967500000 - 0x00007ff96751d000 	C:\Windows\SYSTEM32\dhcpcsvc.DLL
0x00007ff96c900000 - 0x00007ff96c9ca000 	C:\Windows\SYSTEM32\DNSAPI.dll
0x00007ff95ec50000 - 0x00007ff95ec90000 	C:\Users\REYZON\AppData\Local\Temp\jna--1880913549\jna7960211345427439789.dll

dbghelp: loaded successfully - version: 4.0.5 - missing functions: none
symbol engine: initialized successfully - sym options: 0x614 - pdb path: .;c:\Users\REYZON\.vscode\extensions\redhat.java-1.13.0-win32-x64\jre\17.0.5-win32-x86_64\bin;C:\Windows\SYSTEM32;C:\Windows\WinSxS\amd64_microsoft.windows.common-controls_6595b64144ccf1df_6.0.19041.1110_none_60b5254171f9507e;c:\Users\REYZON\.vscode\extensions\redhat.java-1.13.0-win32-x64\jre\17.0.5-win32-x86_64\bin\server;C:\Users\REYZON\AppData\Roaming\Code\User\globalStorage\redhat.java\1.13.0\config_ss_win\org.eclipse.equinox.launcher\org.eclipse.equinox.launcher.win32.win32.x86_64_1.2.600.v20220720-1916;C:\Users\REYZON\AppData\Local\Temp\jna--1880913549

VM Arguments:
jvm_args: --add-modules=ALL-SYSTEM --add-opens=java.base/java.util=ALL-UNNAMED --add-opens=java.base/java.lang=ALL-UNNAMED --add-opens=java.base/sun.nio.fs=ALL-UNNAMED -Declipse.application=org.eclipse.jdt.ls.core.id1 -Dosgi.bundles.defaultStartLevel=4 -Declipse.product=org.eclipse.jdt.ls.core.product -Djava.import.generatesMetadataFilesAtProjectRoot=false -Dfile.encoding=utf8 -XX:+UseParallelGC -XX:GCTimeRatio=4 -XX:AdaptiveSizePolicyWeight=90 -Dsun.zip.disableMemoryMapping=true -Xmx1G -Xms100m -Xlog:disable -javaagent:c:\Users\REYZON\.vscode\extensions\redhat.java-1.13.0-win32-x64\lombok\lombok-1.18.24.jar 
java_command: c:\Users\REYZON\.vscode\extensions\redhat.java-1.13.0-win32-x64\server\plugins\org.eclipse.equinox.launcher_1.6.400.v20210924-0641.jar -configuration c:\Users\REYZON\AppData\Roaming\Code\User\globalStorage\redhat.java\1.13.0\config_ss_win -data c:\Users\REYZON\AppData\Roaming\Code\User\workspaceStorage\9ff043dc064c22b02d18c18812bcc33b\redhat.java\ss_ws
java_class_path (initial): c:\Users\REYZON\.vscode\extensions\redhat.java-1.13.0-win32-x64\server\plugins\org.eclipse.equinox.launcher_1.6.400.v20210924-0641.jar
Launcher Type: SUN_STANDARD

[Global flags]
    uintx AdaptiveSizePolicyWeight                 = 90                                        {product} {command line}
     intx CICompilerCount                          = 3                                         {product} {ergonomic}
    uintx GCTimeRatio                              = 4                                         {product} {command line}
   size_t InitialHeapSize                          = 104857600                                 {product} {command line}
   size_t MaxHeapSize                              = 1073741824                                {product} {command line}
   size_t MaxNewSize                               = 357564416                                 {product} {ergonomic}
   size_t MinHeapDeltaBytes                        = 524288                                    {product} {ergonomic}
   size_t MinHeapSize                              = 104857600                                 {product} {command line}
   size_t NewSize                                  = 34603008                                  {product} {ergonomic}
    uintx NonNMethodCodeHeapSize                   = 5832780                                {pd product} {ergonomic}
    uintx NonProfiledCodeHeapSize                  = 122912730                              {pd product} {ergonomic}
   size_t OldSize                                  = 70254592                                  {product} {ergonomic}
    uintx ProfiledCodeHeapSize                     = 122912730                              {pd product} {ergonomic}
    uintx ReservedCodeCacheSize                    = 251658240                              {pd product} {ergonomic}
     bool SegmentedCodeCache                       = true                                      {product} {ergonomic}
   size_t SoftMaxHeapSize                          = 1073741824                             {manageable} {ergonomic}
     bool UseCompressedClassPointers               = true                           {product lp64_product} {ergonomic}
     bool UseCompressedOops                        = true                           {product lp64_product} {ergonomic}
     bool UseLargePagesIndividualAllocation        = false                                  {pd product} {ergonomic}
     bool UseParallelGC                            = true                                      {product} {command line}

Logging:
Log output configuration:
 #0: stdout all=off uptime,level,tags
 #1: stderr all=off uptime,level,tags

Environment Variables:
PATH=C:\Program Files\Common Files\Oracle\Java\javapath;C:\Windows\system32;C:\Windows;C:\Windows\System32\Wbem;C:\Windows\System32\WindowsPowerShell\v1.0\;C:\Program Files\dotnet\;C:\Program Files\nodejs\;C:\ProgramData\chocolatey\bin;C:\Program Files\Git\cmd;C:\Users\REYZON\AppData\Local\Microsoft\WindowsApps;C:\Users\REYZON\AppData\Local\Programs\Microsoft VS Code\bin;C:\MinGW\bin;C:\Users\REYZON\AppData\Roaming\npm
USERNAME=REYZON
OS=Windows_NT
PROCESSOR_IDENTIFIER=Intel64 Family 6 Model 69 Stepping 1, GenuineIntel
TMP=C:\Users\REYZON\AppData\Local\Temp
TEMP=C:\Users\REYZON\AppData\Local\Temp



---------------  S Y S T E M  ---------------

OS:
 Windows 10 , 64 bit Build 19041 (10.0.19041.2364)
OS uptime: 8 days 4:58 hours

CPU: total 4 (initial active 4) (2 cores per cpu, 2 threads per core) family 6 model 69 stepping 1 microcode 0x25, cx8, cmov, fxsr, ht, mmx, sse, sse2, sse3, ssse3, sse4.1, sse4.2, popcnt, lzcnt, tsc, tscinvbit, avx, avx2, aes, erms, clmul, bmi1, bmi2, fma, vzeroupper, clflush

Memory: 4k page, system-wide physical 8080M (2113M free)
TotalPageFile size 15574M (AvailPageFile size 2M)
current process WorkingSet (physical memory assigned to process): 137M, peak: 141M
current process commit charge ("private bytes"): 229M, peak: 237M

vm_info: OpenJDK 64-Bit Server VM (17.0.5+8) for windows-amd64 JRE (17.0.5+8), built on Oct 19 2022 04:48:13 by "temurin" with MS VC++ 16.7 (VS2019)

END.
